<?xml version="1.0" encoding="UTF-8"?>
<!-- Generated by org.testng.reporters.JUnitXMLReporter -->
<testsuite ignored="0" hostname="SYNPULBV7MGW2" failures="0" tests="8" name="Default test" time="3.066" errors="0" timestamp="2024-02-01T11:54:10 IST">
  <testcase classname="restAssuredTest.DynamicJsonWithDataProvider" name="addBook" time="2.238"/>
  <testcase classname="restAssuredTest.DynamicJsonWithDataProvider" name="addBook" time="0.119"/>
  <testcase classname="restAssuredTest.DynamicJsonWithDataProvider" name="addBook" time="0.107"/>
  <testcase classname="restAssuredTest.DynamicJsonWithDataProvider" name="addBook" time="0.115"/>
  <testcase classname="restAssuredTest.DynamicJsonWithDataProvider" name="deleteBook" time="0.118"/>
  <testcase classname="restAssuredTest.DynamicJsonWithDataProvider" name="deleteBook" time="0.087"/>
  <testcase classname="restAssuredTest.DynamicJsonWithDataProvider" name="deleteBook" time="0.09"/>
  <testcase classname="restAssuredTest.DynamicJsonWithDataProvider" name="deleteBook" time="0.115"/>
</testsuite> <!-- Default test -->
