<?xml version="1.0" encoding="UTF-8"?>
<testng-results ignored="0" total="8" passed="8" failed="0" skipped="0">
  <reporter-output>
  </reporter-output>
  <suite started-at="2024-02-01T11:54:07 IST" name="Default suite" finished-at="2024-02-01T11:54:10 IST" duration-ms="3066">
    <groups>
    </groups>
    <test started-at="2024-02-01T11:54:07 IST" name="Default test" finished-at="2024-02-01T11:54:10 IST" duration-ms="3066">
      <class name="restAssuredTest.DynamicJsonWithDataProvider">
        <test-method signature="addBook(java.lang.String,java.lang.String)[pri:0, instance:restAssuredTest.DynamicJsonWithDataProvider@67f639d3]" started-at="2024-02-01T11:54:07 IST" name="addBook" data-provider="bookData" finished-at="2024-02-01T11:54:09 IST" duration-ms="2238" status="PASS">
          <params>
            <param index="0">
              <value>
                <![CDATA[ar]]>
              </value>
            </param>
            <param index="1">
              <value>
                <![CDATA[123]]>
              </value>
            </param>
          </params>
          <reporter-output>
          </reporter-output>
        </test-method> <!-- addBook -->
        <test-method signature="addBook(java.lang.String,java.lang.String)[pri:0, instance:restAssuredTest.DynamicJsonWithDataProvider@67f639d3]" started-at="2024-02-01T11:54:09 IST" name="addBook" data-provider="bookData" finished-at="2024-02-01T11:54:10 IST" duration-ms="119" status="PASS">
          <params>
            <param index="0">
              <value>
                <![CDATA[ni]]>
              </value>
            </param>
            <param index="1">
              <value>
                <![CDATA[345]]>
              </value>
            </param>
          </params>
          <reporter-output>
          </reporter-output>
        </test-method> <!-- addBook -->
        <test-method signature="addBook(java.lang.String,java.lang.String)[pri:0, instance:restAssuredTest.DynamicJsonWithDataProvider@67f639d3]" started-at="2024-02-01T11:54:10 IST" name="addBook" data-provider="bookData" finished-at="2024-02-01T11:54:10 IST" duration-ms="107" status="PASS">
          <params>
            <param index="0">
              <value>
                <![CDATA[sa]]>
              </value>
            </param>
            <param index="1">
              <value>
                <![CDATA[321]]>
              </value>
            </param>
          </params>
          <reporter-output>
          </reporter-output>
        </test-method> <!-- addBook -->
        <test-method signature="addBook(java.lang.String,java.lang.String)[pri:0, instance:restAssuredTest.DynamicJsonWithDataProvider@67f639d3]" started-at="2024-02-01T11:54:10 IST" name="addBook" data-provider="bookData" finished-at="2024-02-01T11:54:10 IST" duration-ms="115" status="PASS">
          <params>
            <param index="0">
              <value>
                <![CDATA[jh]]>
              </value>
            </param>
            <param index="1">
              <value>
                <![CDATA[546]]>
              </value>
            </param>
          </params>
          <reporter-output>
          </reporter-output>
        </test-method> <!-- addBook -->
        <test-method signature="deleteBook(java.lang.String,java.lang.String)[pri:0, instance:restAssuredTest.DynamicJsonWithDataProvider@67f639d3]" started-at="2024-02-01T11:54:10 IST" name="deleteBook" data-provider="bookData" finished-at="2024-02-01T11:54:10 IST" duration-ms="118" status="PASS">
          <params>
            <param index="0">
              <value>
                <![CDATA[ar]]>
              </value>
            </param>
            <param index="1">
              <value>
                <![CDATA[123]]>
              </value>
            </param>
          </params>
          <reporter-output>
          </reporter-output>
        </test-method> <!-- deleteBook -->
        <test-method signature="deleteBook(java.lang.String,java.lang.String)[pri:0, instance:restAssuredTest.DynamicJsonWithDataProvider@67f639d3]" started-at="2024-02-01T11:54:10 IST" name="deleteBook" data-provider="bookData" finished-at="2024-02-01T11:54:10 IST" duration-ms="87" status="PASS">
          <params>
            <param index="0">
              <value>
                <![CDATA[ni]]>
              </value>
            </param>
            <param index="1">
              <value>
                <![CDATA[345]]>
              </value>
            </param>
          </params>
          <reporter-output>
          </reporter-output>
        </test-method> <!-- deleteBook -->
        <test-method signature="deleteBook(java.lang.String,java.lang.String)[pri:0, instance:restAssuredTest.DynamicJsonWithDataProvider@67f639d3]" started-at="2024-02-01T11:54:10 IST" name="deleteBook" data-provider="bookData" finished-at="2024-02-01T11:54:10 IST" duration-ms="90" status="PASS">
          <params>
            <param index="0">
              <value>
                <![CDATA[sa]]>
              </value>
            </param>
            <param index="1">
              <value>
                <![CDATA[321]]>
              </value>
            </param>
          </params>
          <reporter-output>
          </reporter-output>
        </test-method> <!-- deleteBook -->
        <test-method signature="deleteBook(java.lang.String,java.lang.String)[pri:0, instance:restAssuredTest.DynamicJsonWithDataProvider@67f639d3]" started-at="2024-02-01T11:54:10 IST" name="deleteBook" data-provider="bookData" finished-at="2024-02-01T11:54:10 IST" duration-ms="115" status="PASS">
          <params>
            <param index="0">
              <value>
                <![CDATA[jh]]>
              </value>
            </param>
            <param index="1">
              <value>
                <![CDATA[546]]>
              </value>
            </param>
          </params>
          <reporter-output>
          </reporter-output>
        </test-method> <!-- deleteBook -->
      </class> <!-- restAssuredTest.DynamicJsonWithDataProvider -->
    </test> <!-- Default test -->
  </suite> <!-- Default suite -->
</testng-results>
